<?xml version="1.0" encoding="UTF-8"?>
<!-- Generated by org.testng.reporters.JUnitReportReporter -->
<testsuite hostname="DESKTOP-UKE2AIA" failures="0" tests="1" name="ChangeAccessoriesTest" time="0.466" errors="0" timestamp="25 May 2020 07:54:02 GMT" skipped="0">
  <testcase classname="ChangeAccessoriesTest" name="testChangeHandGear" time="0.466"/>
</testsuite> <!-- ChangeAccessoriesTest -->
